<?xml version="1.0" encoding="UTF-8"?>
<testng-results skipped="0" failed="0" ignored="0" total="1" passed="1">
  <reporter-output>
  </reporter-output>
  <suite name="Suite" duration-ms="75" started-at="2022-01-21T21:19:16 IST" finished-at="2022-01-21T21:19:16 IST">
    <groups>
    </groups>
    <test name="Test" duration-ms="75" started-at="2022-01-21T21:19:16 IST" finished-at="2022-01-21T21:19:16 IST">
      <class name="RajeshNare.PracticeMaven.Demo01">
        <test-method status="PASS" signature="product()[pri:0, instance:RajeshNare.PracticeMaven.Demo01@6c49835d]" name="product" duration-ms="9" started-at="2022-01-21T21:19:16 IST" finished-at="2022-01-21T21:19:16 IST">
          <reporter-output>
          </reporter-output>
        </test-method> <!-- product -->
      </class> <!-- RajeshNare.PracticeMaven.Demo01 -->
    </test> <!-- Test -->
  </suite> <!-- Suite -->
</testng-results>
