<?xml version="1.0" encoding="UTF-8"?>
<testng-results ignored="0" total="1" passed="1" failed="0" skipped="0">
  <reporter-output>
  </reporter-output>
  <suite started-at="2022-01-21T21:18:29 IST" name="Suite" finished-at="2022-01-21T21:18:30 IST" duration-ms="190">
    <groups>
    </groups>
    <test started-at="2022-01-21T21:18:29 IST" name="Test" finished-at="2022-01-21T21:18:30 IST" duration-ms="190">
      <class name="RajeshNare.PracticeMaven.Demo01">
        <test-method signature="product()[pri:0, instance:RajeshNare.PracticeMaven.Demo01@759d26fb]" started-at="2022-01-21T21:18:29 IST" name="product" finished-at="2022-01-21T21:18:30 IST" duration-ms="25" status="PASS">
          <reporter-output>
          </reporter-output>
        </test-method> <!-- product -->
      </class> <!-- RajeshNare.PracticeMaven.Demo01 -->
    </test> <!-- Test -->
  </suite> <!-- Suite -->
</testng-results>
